SF:lib/features/movies/data/remote/model/movies.dart
DA:11,0
DA:12,0
DA:13,0
DA:14,0
DA:15,0
DA:18,0
DA:20,0
DA:22,0
DA:24,0
DA:26,0
DA:28,0
DA:30,0
DA:32,0
DA:34,1
DA:35,2
DA:36,2
DA:37,2
DA:38,1
DA:39,2
DA:40,3
DA:41,3
DA:46,0
DA:47,0
DA:49,0
DA:50,0
DA:51,0
DA:52,0
DA:53,0
DA:54,0
DA:55,0
DA:60,0
DA:62,0
LF:32
LH:8
end_of_record
SF:lib/features/movies/data/remote/model/now_playing.dart
DA:13,0
DA:15,1
DA:16,1
DA:17,2
DA:18,3
DA:19,3
DA:22,2
DA:23,2
DA:24,2
DA:25,2
DA:28,0
DA:29,0
DA:30,0
DA:31,0
DA:33,0
DA:34,0
DA:35,0
DA:36,0
DA:38,0
DA:42,0
DA:43,0
DA:45,0
DA:47,0
LF:23
LH:9
end_of_record
SF:lib/features/movies/data/remote/model/popular_movie.dart
DA:11,0
DA:13,1
DA:14,2
DA:15,2
DA:16,2
DA:17,1
DA:18,2
DA:19,3
DA:20,3
DA:25,0
DA:26,0
DA:27,0
DA:28,0
DA:29,0
DA:30,0
DA:31,0
DA:36,0
DA:37,0
DA:39,0
DA:41,0
LF:20
LH:8
end_of_record
SF:lib/features/movies/data/service/movie_api_service_impl.dart
DA:20,2
DA:22,2
DA:24,0
DA:28,1
DA:31,1
DA:34,5
DA:36,2
DA:38,3
DA:39,3
DA:40,1
DA:43,1
DA:48,1
DA:50,1
DA:51,2
DA:52,3
DA:55,3
DA:57,3
DA:59,3
DA:60,2
DA:61,3
DA:62,2
DA:64,1
DA:66,4
DA:70,0
DA:71,0
DA:76,1
DA:78,1
DA:79,2
DA:80,3
DA:84,3
DA:86,3
DA:87,2
DA:88,3
DA:90,2
DA:91,1
DA:93,1
DA:96,1
DA:97,0
DA:99,1
DA:104,0
DA:107,0
DA:108,0
DA:109,0
DA:110,0
DA:115,0
DA:117,0
DA:119,0
DA:120,0
DA:122,0
DA:123,0
DA:128,0
DA:129,0
DA:131,0
LF:53
LH:35
end_of_record
SF:lib/core/error/exceptions.dart
DA:6,0
LF:1
LH:0
end_of_record
SF:lib/features/movies/data/local/database/model/movie_model.dart
DA:5,0
DA:7,0
DA:16,1
DA:19,0
DA:20,0
DA:21,0
DA:22,0
DA:23,0
DA:24,0
DA:26,0
DA:27,0
DA:28,0
DA:29,0
DA:30,0
DA:31,0
DA:34,0
DA:36,0
LF:17
LH:1
end_of_record
SF:lib/features/movies/data/remote/model/Result.dart
DA:16,1
DA:31,1
DA:32,2
DA:33,2
DA:34,2
DA:35,2
DA:36,2
DA:37,2
DA:38,2
DA:39,2
DA:40,2
DA:41,3
DA:42,2
DA:43,2
DA:44,2
DA:47,0
DA:48,0
DA:49,0
DA:50,0
DA:51,0
DA:52,0
DA:53,0
DA:54,0
DA:55,0
DA:56,0
DA:57,0
DA:58,0
DA:59,0
DA:60,0
DA:61,0
DA:65,0
DA:67,0
LF:32
LH:15
end_of_record
SF:lib/features/movies/data/local/database/model/now_playing_movies_model.dart
DA:8,0
DA:10,0
DA:19,0
DA:22,0
DA:23,0
DA:24,0
DA:25,0
DA:26,0
DA:27,0
DA:29,0
DA:30,0
DA:31,0
DA:32,0
DA:33,0
DA:34,0
DA:37,0
DA:39,0
LF:17
LH:0
end_of_record
SF:lib/features/movies/data/remote/model/date.dart
DA:5,0
DA:7,0
DA:8,0
DA:9,0
DA:12,0
DA:13,0
DA:14,0
DA:15,0
DA:19,0
DA:21,0
LF:10
LH:0
end_of_record
SF:lib/features/movies/data/local/database/model/popular_movie_model.dart
DA:12,0
DA:15,0
DA:16,0
DA:17,0
DA:18,0
DA:19,0
DA:20,0
DA:22,0
DA:23,0
DA:24,0
DA:25,0
DA:26,0
DA:27,0
DA:30,0
DA:32,0
LF:15
LH:0
end_of_record
SF:lib/core/error/failures.dart
DA:4,0
DA:5,0
DA:12,0
LF:3
LH:0
end_of_record
SF:lib/features/movies/data/bloc/movie/movie_category/movie_bloc.dart
DA:20,1
DA:21,1
DA:24,1
DA:25,1
DA:28,1
DA:29,1
DA:30,2
DA:31,0
DA:32,0
DA:36,1
DA:37,2
DA:38,2
DA:41,1
DA:42,2
DA:43,3
DA:44,2
DA:48,1
DA:49,1
DA:50,1
DA:52,1
DA:59,1
DA:60,3
DA:61,2
DA:64,0
DA:65,0
DA:66,0
LF:26
LH:21
end_of_record
SF:lib/features/movies/data/bloc/movie/movie_category/movie_event.dart
DA:4,1
DA:6,0
DA:7,0
LF:3
LH:1
end_of_record
SF:lib/features/movies/data/bloc/movie/movie_category/movie_state.dart
DA:5,1
DA:7,1
DA:8,1
DA:20,1
DA:22,1
DA:23,2
DA:29,1
DA:31,1
DA:32,2
LF:9
LH:9
end_of_record
